-outxml
-source
1.6
-target
1.6
-classpath
C:\Users\ASUS\.m2\repository\aopalliance\aopalliance\1.0\aopalliance-1.0.jar;C:\Users\ASUS\.m2\repository\asm\asm\3.1\asm-3.1.jar;C:\Users\ASUS\.m2\repository\cglib\cglib\2.2\cglib-2.2.jar;C:\Users\ASUS\.m2\repository\com\force\api\force-metadata-api\20.0.0\force-metadata-api-20.0.0.jar;C:\Users\ASUS\.m2\repository\com\force\api\force-partner-api\20.0.0\force-partner-api-20.0.0.jar;C:\Users\ASUS\.m2\repository\com\force\api\force-wsc\20.0.0\force-wsc-20.0.0.jar;C:\Users\ASUS\.m2\repository\com\force\sdk\force-connector\20.0.0\force-connector-20.0.0.jar;C:\Users\ASUS\.m2\repository\com\force\sdk\force-jpa\20.0.0\force-jpa-20.0.0.jar;C:\Users\ASUS\.m2\repository\javax\inject\javax.inject\1\javax.inject-1.jar;C:\Users\ASUS\.m2\repository\javax\jdo\jdo2-api\2.3-ec\jdo2-api-2.3-ec.jar;C:\Users\ASUS\.m2\repository\javax\servlet\jstl\1.2\jstl-1.2.jar;C:\Users\ASUS\.m2\repository\javax\servlet\servlet-api\2.5\servlet-api-2.5.jar;C:\Users\ASUS\.m2\repository\javax\servlet\jsp\jsp-api\2.1\jsp-api-2.1.jar;C:\Users\ASUS\.m2\repository\javax\transaction\jta\1.1\jta-1.1.jar;C:\Users\ASUS\.m2\repository\junit\junit\4.7\junit-4.7.jar;C:\Users\ASUS\.m2\repository\log4j\log4j\1.2.15\log4j-1.2.15.jar;C:\Users\ASUS\.m2\repository\org\apache\geronimo\specs\geronimo-jpa_2.0_spec\1.0\geronimo-jpa_2.0_spec-1.0.jar;C:\Users\ASUS\.m2\repository\org\aspectj\aspectjrt\1.6.9\aspectjrt-1.6.9.jar;C:\Users\ASUS\.m2\repository\org\datanucleus\datanucleus-core\2.1.0-release\datanucleus-core-2.1.0-release.jar;C:\Users\ASUS\.m2\repository\org\datanucleus\datanucleus-enhancer\2.1.0-release\datanucleus-enhancer-2.1.0-release.jar;C:\Users\ASUS\.m2\repository\org\datanucleus\datanucleus-jpa\2.1.0-release\datanucleus-jpa-2.1.0-release.jar;C:\Users\ASUS\.m2\repository\org\slf4j\jcl-over-slf4j\1.5.10\jcl-over-slf4j-1.5.10.jar;C:\Users\ASUS\.m2\repository\org\slf4j\slf4j-api\1.5.10\slf4j-api-1.5.10.jar;C:\Users\ASUS\.m2\repository\org\slf4j\slf4j-log4j12\1.5.10\slf4j-log4j12-1.5.10.jar;C:\Users\ASUS\.m2\repository\org\springframework\spring-aop\3.0.4.RELEASE\spring-aop-3.0.4.RELEASE.jar;C:\Users\ASUS\.m2\repository\org\springframework\spring-asm\3.0.4.RELEASE\spring-asm-3.0.4.RELEASE.jar;C:\Users\ASUS\.m2\repository\org\springframework\spring-beans\3.0.4.RELEASE\spring-beans-3.0.4.RELEASE.jar;C:\Users\ASUS\.m2\repository\org\springframework\spring-context\3.0.4.RELEASE\spring-context-3.0.4.RELEASE.jar;C:\Users\ASUS\.m2\repository\org\springframework\spring-context-support\3.0.4.RELEASE\spring-context-support-3.0.4.RELEASE.jar;C:\Users\ASUS\.m2\repository\org\springframework\spring-core\3.0.4.RELEASE\spring-core-3.0.4.RELEASE.jar;C:\Users\ASUS\.m2\repository\org\springframework\spring-expression\3.0.4.RELEASE\spring-expression-3.0.4.RELEASE.jar;C:\Users\ASUS\.m2\repository\org\springframework\spring-orm\3.0.4.RELEASE\spring-orm-3.0.4.RELEASE.jar;C:\Users\ASUS\.m2\repository\org\springframework\spring-tx\3.0.4.RELEASE\spring-tx-3.0.4.RELEASE.jar;C:\Users\ASUS\.m2\repository\org\springframework\spring-web\3.0.4.RELEASE\spring-web-3.0.4.RELEASE.jar;C:\Users\ASUS\.m2\repository\org\springframework\spring-webmvc\3.0.4.RELEASE\spring-webmvc-3.0.4.RELEASE.jar;C:\Users\ASUS\.m2\repository\org\springframework\roo\org.springframework.roo.annotations\1.0.2.RELEASE\org.springframework.roo.annotations-1.0.2.RELEASE.jar;C:\springsource\workspace-sts-2.5.1.RELEASE\VMforceShopDemo\target\classes
-d
C:\springsource\workspace-sts-2.5.1.RELEASE\VMforceShopDemo\target\classes
C:\springsource\workspace-sts-2.5.1.RELEASE\VMforceShopDemo\src\main\java\com\vmforce\demo\cart\ItemSet.java
C:\springsource\workspace-sts-2.5.1.RELEASE\VMforceShopDemo\src\main\java\com\vmforce\demo\controller\HomeController.java
C:\springsource\workspace-sts-2.5.1.RELEASE\VMforceShopDemo\src\main\java\com\vmforce\demo\SforceImpl.java
C:\springsource\workspace-sts-2.5.1.RELEASE\VMforceShopDemo\src\main\java\com\vmforce\demo\controller\SfdcController.java
C:\springsource\workspace-sts-2.5.1.RELEASE\VMforceShopDemo\src\main\java\com\vmforce\demo\cart\ShoppingCart.java
C:\springsource\workspace-sts-2.5.1.RELEASE\VMforceShopDemo\src\main\java\com\vmforce\demo\controller\FaqController.java
C:\springsource\workspace-sts-2.5.1.RELEASE\VMforceShopDemo\src\main\java\com\vmforce\demo\controller\AboutUsController.java
C:\springsource\workspace-sts-2.5.1.RELEASE\VMforceShopDemo\src\main\java\com\vmforce\demo\sobject\Case.java
C:\springsource\workspace-sts-2.5.1.RELEASE\VMforceShopDemo\src\main\java\com\vmforce\demo\sobject\OrderItem.java
C:\springsource\workspace-sts-2.5.1.RELEASE\VMforceShopDemo\src\main\java\com\vmforce\demo\SessionManager.java
C:\springsource\workspace-sts-2.5.1.RELEASE\VMforceShopDemo\src\main\java\com\vmforce\demo\sobject\Product2.java
C:\springsource\workspace-sts-2.5.1.RELEASE\VMforceShopDemo\src\main\java\com\vmforce\demo\sobject\Information.java
C:\springsource\workspace-sts-2.5.1.RELEASE\VMforceShopDemo\src\main\java\com\vmforce\demo\sobject\Ecsetting.java
C:\springsource\workspace-sts-2.5.1.RELEASE\VMforceShopDemo\src\main\java\com\vmforce\demo\controller\ShoppingCartController.java
C:\springsource\workspace-sts-2.5.1.RELEASE\VMforceShopDemo\src\main\java\com\vmforce\demo\cart\Item.java
C:\springsource\workspace-sts-2.5.1.RELEASE\VMforceShopDemo\src\main\java\com\vmforce\demo\controller\ProductController.java
C:\springsource\workspace-sts-2.5.1.RELEASE\VMforceShopDemo\src\main\java\com\vmforce\demo\Sforce.java
C:\springsource\workspace-sts-2.5.1.RELEASE\VMforceShopDemo\src\main\java\com\vmforce\demo\sobject\Order.java
C:\springsource\workspace-sts-2.5.1.RELEASE\VMforceShopDemo\src\main\java\com\vmforce\demo\sobject\Contact.java
C:\springsource\workspace-sts-2.5.1.RELEASE\VMforceShopDemo\src\main\java\com\vmforce\demo\LoginUser.java
C:\springsource\workspace-sts-2.5.1.RELEASE\VMforceShopDemo\src\main\java\com\vmforce\demo\controller\UserController.java
C:\springsource\workspace-sts-2.5.1.RELEASE\VMforceShopDemo\src\main\java\com\vmforce\demo\utils\WebConstants.java
